[2023-05-02T10:15:02.184] [ERROR] error - Problema en la autenticación
[2023-05-02T10:18:53.445] [ERROR] error - CustomError {
  codigo: 500,
  descripcion: 'Error con el método getByEmail',
  detalle: TypeError: Cannot read properties of undefined (reading 'findOne')
      at UsersMongoDb.getByEmail (file:///Users/monniera/Documents/Perso/PROGRAMACION/coderhouse/BACKEND/proyectoFinal/src/contenedores/contenedorMongoDb.js:50:36)
      at process.processTicksAndRejections (node:internal/process/task_queues:95:5)
      at async Strategy._verify (file:///Users/monniera/Documents/Perso/PROGRAMACION/coderhouse/BACKEND/proyectoFinal/src/routers/routerAuth.js:34:35)
}
[2023-05-02T10:18:53.446] [ERROR] error - Problema en la autenticación
[2023-05-02T10:24:57.172] [ERROR] error - Problema en la autenticación
[2023-05-02T10:25:35.421] [ERROR] error - Problema en la autenticación
[2023-05-02T10:27:49.003] [ERROR] error - Problema en la autenticación
[2023-05-02T10:30:40.425] [ERROR] error - CustomError {
  codigo: 500,
  descripcion: 'Error con el método getByEmail',
  detalle: TypeError: Cannot read properties of undefined (reading 'findOne')
      at UsersMongoDb.getByEmail (file:///Users/monniera/Documents/Perso/PROGRAMACION/coderhouse/BACKEND/proyectoFinal/src/contenedores/contenedorMongoDb.js:50:36)
      at process.processTicksAndRejections (node:internal/process/task_queues:95:5)
      at async Strategy._verify (file:///Users/monniera/Documents/Perso/PROGRAMACION/coderhouse/BACKEND/proyectoFinal/src/routers/routerAuth.js:36:35)
}
[2023-05-02T10:30:40.427] [ERROR] error - Problema en la autenticación
[2023-05-02T10:31:05.740] [ERROR] error - CustomError {
  codigo: 500,
  descripcion: 'Error con el método getByEmail',
  detalle: TypeError: Cannot read properties of undefined (reading 'findOne')
      at UsersMongoDb.getByEmail (file:///Users/monniera/Documents/Perso/PROGRAMACION/coderhouse/BACKEND/proyectoFinal/src/contenedores/contenedorMongoDb.js:50:36)
      at process.processTicksAndRejections (node:internal/process/task_queues:95:5)
      at async Strategy._verify (file:///Users/monniera/Documents/Perso/PROGRAMACION/coderhouse/BACKEND/proyectoFinal/src/routers/routerAuth.js:36:35)
}
[2023-05-02T10:31:05.742] [ERROR] error - Problema en la autenticación
[2023-05-02T10:33:10.969] [ERROR] error - Problema en la autenticación
[2023-05-02T10:33:26.385] [ERROR] error - Problema en la autenticación
[2023-05-02T10:33:38.024] [ERROR] error - Problema en la autenticación
[2023-05-02T10:34:21.970] [ERROR] error - Problema en la autenticación
[2023-05-02T10:35:17.895] [ERROR] error - Problema en la autenticación MongooseError: Operation `usuarios.findOne()` buffering timed out after 10000ms
[2023-05-02T10:40:10.340] [ERROR] error - Problema en la autenticación MongooseError: Operation `usuarios.findOne()` buffering timed out after 10000ms
[2023-05-02T10:42:35.842] [ERROR] error - Problema en la autenticación ReferenceError: logInfo is not defined
[2023-05-02T10:44:12.609] [ERROR] error - CustomError {
  codigo: 500,
  descripcion: 'Error con el método getByEmail',
  detalle: TypeError: Cannot read properties of undefined (reading 'findOne')
      at UsersMongoDb.getByEmail (file:///Users/monniera/Documents/Perso/PROGRAMACION/coderhouse/BACKEND/proyectoFinal/src/contenedores/contenedorMongoDb.js:50:36)
      at process.processTicksAndRejections (node:internal/process/task_queues:95:5)
      at async Strategy._verify (file:///Users/monniera/Documents/Perso/PROGRAMACION/coderhouse/BACKEND/proyectoFinal/src/routers/routerAuth.js:34:35)
}
[2023-05-02T10:44:12.610] [ERROR] error - Problema en la autenticación [object Object]
